[2024-06-27T22:31:35.371+0000] {taskinstance.py:1103} INFO - Dependencies all met for dep_context=non-requeueable deps ti=<TaskInstance: tutorialx.templated scheduled__2024-06-26T22:31:32.856249+00:00 [queued]>
[2024-06-27T22:31:35.381+0000] {taskinstance.py:1103} INFO - Dependencies all met for dep_context=requeueable deps ti=<TaskInstance: tutorialx.templated scheduled__2024-06-26T22:31:32.856249+00:00 [queued]>
[2024-06-27T22:31:35.381+0000] {taskinstance.py:1308} INFO - Starting attempt 1 of 2
[2024-06-27T22:31:35.396+0000] {taskinstance.py:1327} INFO - Executing <Task(BashOperator): templated> on 2024-06-26 22:31:32.856249+00:00
[2024-06-27T22:31:35.401+0000] {standard_task_runner.py:57} INFO - Started process 85 to run task
[2024-06-27T22:31:35.404+0000] {standard_task_runner.py:84} INFO - Running: ['***', 'tasks', 'run', 'tutorialx', 'templated', 'scheduled__2024-06-26T22:31:32.856249+00:00', '--job-id', '82', '--raw', '--subdir', 'DAGS_FOLDER/sample_dag.py', '--cfg-path', '/tmp/tmpcgjh3an3']
[2024-06-27T22:31:35.405+0000] {standard_task_runner.py:85} INFO - Job 82: Subtask templated
[2024-06-27T22:31:35.453+0000] {task_command.py:410} INFO - Running <TaskInstance: tutorialx.templated scheduled__2024-06-26T22:31:32.856249+00:00 [running]> on host 2e9d55c1cbb8
[2024-06-27T22:31:35.522+0000] {taskinstance.py:1547} INFO - Exporting env vars: AIRFLOW_CTX_DAG_EMAIL='***@example.com' AIRFLOW_CTX_DAG_OWNER='***' AIRFLOW_CTX_DAG_ID='tutorialx' AIRFLOW_CTX_TASK_ID='templated' AIRFLOW_CTX_EXECUTION_DATE='2024-06-26T22:31:32.856249+00:00' AIRFLOW_CTX_TRY_NUMBER='1' AIRFLOW_CTX_DAG_RUN_ID='scheduled__2024-06-26T22:31:32.856249+00:00'
[2024-06-27T22:31:35.523+0000] {subprocess.py:63} INFO - Tmp dir root location: /tmp
[2024-06-27T22:31:35.523+0000] {subprocess.py:75} INFO - Running command: ['/bin/bash', '-c', '\n\n    echo "2024-06-26"\n    echo "2024-07-03"\n\n    echo "2024-06-26"\n    echo "2024-07-03"\n\n    echo "2024-06-26"\n    echo "2024-07-03"\n\n    echo "2024-06-26"\n    echo "2024-07-03"\n\n    echo "2024-06-26"\n    echo "2024-07-03"\n']
[2024-06-27T22:31:35.535+0000] {subprocess.py:86} INFO - Output:
[2024-06-27T22:31:35.537+0000] {subprocess.py:93} INFO - 2024-06-26
[2024-06-27T22:31:35.537+0000] {subprocess.py:93} INFO - 2024-07-03
[2024-06-27T22:31:35.537+0000] {subprocess.py:93} INFO - 2024-06-26
[2024-06-27T22:31:35.537+0000] {subprocess.py:93} INFO - 2024-07-03
[2024-06-27T22:31:35.537+0000] {subprocess.py:93} INFO - 2024-06-26
[2024-06-27T22:31:35.538+0000] {subprocess.py:93} INFO - 2024-07-03
[2024-06-27T22:31:35.538+0000] {subprocess.py:93} INFO - 2024-06-26
[2024-06-27T22:31:35.538+0000] {subprocess.py:93} INFO - 2024-07-03
[2024-06-27T22:31:35.538+0000] {subprocess.py:93} INFO - 2024-06-26
[2024-06-27T22:31:35.538+0000] {subprocess.py:93} INFO - 2024-07-03
[2024-06-27T22:31:35.538+0000] {subprocess.py:97} INFO - Command exited with return code 0
[2024-06-27T22:31:35.574+0000] {taskinstance.py:1350} INFO - Marking task as SUCCESS. dag_id=tutorialx, task_id=templated, execution_date=20240626T223132, start_date=20240627T223135, end_date=20240627T223135
[2024-06-27T22:31:35.616+0000] {local_task_job_runner.py:225} INFO - Task exited with return code 0
[2024-06-27T22:31:35.642+0000] {taskinstance.py:2653} INFO - 0 downstream tasks scheduled from follow-on schedule check
