[2024-06-27T22:31:32.708+0000] {manager.py:487} INFO - Processing files using up to 2 processes at a time 
[2024-06-27T22:31:32.708+0000] {manager.py:488} INFO - Process each file at most once every 30 seconds
[2024-06-27T22:31:32.709+0000] {manager.py:490} INFO - Checking for new files in /opt/airflow/dags every 300 seconds
[2024-06-27T22:31:32.709+0000] {manager.py:758} INFO - Searching for files in /opt/airflow/dags
[2024-06-27T22:31:32.709+0000] {manager.py:761} INFO - There are 1 files in /opt/airflow/dags
[2024-06-27T22:31:32.740+0000] {manager.py:889} INFO - 
================================================================================
DAG File Processing Stats

File Path                          PID  Runtime      # DAGs    # Errors  Last Runtime    Last Run
-------------------------------  -----  ---------  --------  ----------  --------------  ----------
/opt/airflow/dags/sample_dag.py     30  0.01s             0           0
================================================================================
[2024-06-27T22:32:02.891+0000] {manager.py:889} INFO - 
================================================================================
DAG File Processing Stats

File Path                          PID  Runtime      # DAGs    # Errors  Last Runtime    Last Run
-------------------------------  -----  ---------  --------  ----------  --------------  -------------------
/opt/airflow/dags/sample_dag.py     62  0.00s             1           0  0.15s           2024-06-27T22:31:32
================================================================================
[2024-06-27T22:32:33.035+0000] {manager.py:889} INFO - 
================================================================================
DAG File Processing Stats

File Path                          PID  Runtime      # DAGs    # Errors  Last Runtime    Last Run
-------------------------------  -----  ---------  --------  ----------  --------------  -------------------
/opt/airflow/dags/sample_dag.py     81  0.00s             1           0  0.05s           2024-06-27T22:32:02
================================================================================
[2024-06-27T22:33:03.207+0000] {manager.py:889} INFO - 
================================================================================
DAG File Processing Stats

File Path                          PID  Runtime      # DAGs    # Errors  Last Runtime    Last Run
-------------------------------  -----  ---------  --------  ----------  --------------  -------------------
/opt/airflow/dags/sample_dag.py    114  0.00s             1           0  0.08s           2024-06-27T22:32:33
================================================================================
[2024-06-27T22:33:33.408+0000] {manager.py:889} INFO - 
================================================================================
DAG File Processing Stats

File Path                          PID  Runtime      # DAGs    # Errors  Last Runtime    Last Run
-------------------------------  -----  ---------  --------  ----------  --------------  -------------------
/opt/airflow/dags/sample_dag.py    142  0.00s             1           0  0.08s           2024-06-27T22:33:03
================================================================================
[2024-06-27T22:34:03.575+0000] {manager.py:889} INFO - 
================================================================================
DAG File Processing Stats

File Path                          PID  Runtime      # DAGs    # Errors  Last Runtime    Last Run
-------------------------------  -----  ---------  --------  ----------  --------------  -------------------
/opt/airflow/dags/sample_dag.py    170  0.00s             1           0  0.06s           2024-06-27T22:33:33
================================================================================
[2024-06-27T22:34:33.737+0000] {manager.py:889} INFO - 
================================================================================
DAG File Processing Stats

File Path                          PID  Runtime      # DAGs    # Errors  Last Runtime    Last Run
-------------------------------  -----  ---------  --------  ----------  --------------  -------------------
/opt/airflow/dags/sample_dag.py    189  0.00s             1           0  0.08s           2024-06-27T22:34:03
================================================================================
[2024-06-27T22:35:03.940+0000] {manager.py:889} INFO - 
================================================================================
DAG File Processing Stats

File Path                          PID  Runtime      # DAGs    # Errors  Last Runtime    Last Run
-------------------------------  -----  ---------  --------  ----------  --------------  -------------------
/opt/airflow/dags/sample_dag.py    217  0.00s             1           0  0.08s           2024-06-27T22:34:33
================================================================================
[2024-06-27T22:35:34.115+0000] {manager.py:889} INFO - 
================================================================================
DAG File Processing Stats

File Path                          PID  Runtime      # DAGs    # Errors  Last Runtime    Last Run
-------------------------------  -----  ---------  --------  ----------  --------------  -------------------
/opt/airflow/dags/sample_dag.py    245  0.00s             1           0  0.11s           2024-06-27T22:35:04
================================================================================
[2024-06-27T22:36:04.345+0000] {manager.py:889} INFO - 
================================================================================
DAG File Processing Stats

File Path                          PID  Runtime      # DAGs    # Errors  Last Runtime    Last Run
-------------------------------  -----  ---------  --------  ----------  --------------  -------------------
/opt/airflow/dags/sample_dag.py    264  0.01s             1           0  0.10s           2024-06-27T22:35:34
================================================================================
[2024-06-27T22:36:33.498+0000] {manager.py:758} INFO - Searching for files in /opt/airflow/dags
[2024-06-27T22:36:33.500+0000] {manager.py:761} INFO - There are 1 files in /opt/airflow/dags
[2024-06-27T22:36:34.522+0000] {manager.py:889} INFO - 
================================================================================
DAG File Processing Stats

File Path                          PID  Runtime      # DAGs    # Errors  Last Runtime    Last Run
-------------------------------  -----  ---------  --------  ----------  --------------  -------------------
/opt/airflow/dags/sample_dag.py    292  0.00s             1           0  0.10s           2024-06-27T22:36:04
================================================================================
[2024-06-27T22:37:04.725+0000] {manager.py:889} INFO - 
================================================================================
DAG File Processing Stats

File Path                          PID  Runtime      # DAGs    # Errors  Last Runtime    Last Run
-------------------------------  -----  ---------  --------  ----------  --------------  -------------------
/opt/airflow/dags/sample_dag.py    320  0.00s             1           0  0.09s           2024-06-27T22:36:34
================================================================================
[2024-06-27T22:37:34.892+0000] {manager.py:889} INFO - 
================================================================================
DAG File Processing Stats

File Path                          PID  Runtime      # DAGs    # Errors  Last Runtime    Last Run
-------------------------------  -----  ---------  --------  ----------  --------------  -------------------
/opt/airflow/dags/sample_dag.py    348  0.00s             1           0  0.07s           2024-06-27T22:37:04
================================================================================
[2024-06-27T22:38:05.075+0000] {manager.py:889} INFO - 
================================================================================
DAG File Processing Stats

File Path                          PID  Runtime      # DAGs    # Errors  Last Runtime    Last Run
-------------------------------  -----  ---------  --------  ----------  --------------  -------------------
/opt/airflow/dags/sample_dag.py    367  0.00s             1           0  0.08s           2024-06-27T22:37:34
================================================================================
[2024-06-27T22:38:35.268+0000] {manager.py:889} INFO - 
================================================================================
DAG File Processing Stats

File Path                          PID  Runtime      # DAGs    # Errors  Last Runtime    Last Run
-------------------------------  -----  ---------  --------  ----------  --------------  -------------------
/opt/airflow/dags/sample_dag.py    395  0.00s             1           0  0.07s           2024-06-27T22:38:05
================================================================================
[2024-06-27T22:39:05.431+0000] {manager.py:889} INFO - 
================================================================================
DAG File Processing Stats

File Path                          PID  Runtime      # DAGs    # Errors  Last Runtime    Last Run
-------------------------------  -----  ---------  --------  ----------  --------------  -------------------
/opt/airflow/dags/sample_dag.py    422  0.00s             1           0  0.08s           2024-06-27T22:38:35
================================================================================
[2024-06-27T22:39:35.630+0000] {manager.py:889} INFO - 
================================================================================
DAG File Processing Stats

File Path                          PID  Runtime      # DAGs    # Errors  Last Runtime    Last Run
-------------------------------  -----  ---------  --------  ----------  --------------  -------------------
/opt/airflow/dags/sample_dag.py    449  0.00s             1           0  0.08s           2024-06-27T22:39:05
================================================================================
[2024-06-27T22:40:05.804+0000] {manager.py:889} INFO - 
================================================================================
DAG File Processing Stats

File Path                          PID  Runtime      # DAGs    # Errors  Last Runtime    Last Run
-------------------------------  -----  ---------  --------  ----------  --------------  -------------------
/opt/airflow/dags/sample_dag.py    468  0.00s             1           0  0.07s           2024-06-27T22:39:35
================================================================================
[2024-06-27T22:40:35.991+0000] {manager.py:889} INFO - 
================================================================================
DAG File Processing Stats

File Path                          PID  Runtime      # DAGs    # Errors  Last Runtime    Last Run
-------------------------------  -----  ---------  --------  ----------  --------------  -------------------
/opt/airflow/dags/sample_dag.py    496  0.00s             1           0  0.09s           2024-06-27T22:40:05
================================================================================
[2024-06-27T22:41:06.175+0000] {manager.py:889} INFO - 
================================================================================
DAG File Processing Stats

File Path                          PID  Runtime      # DAGs    # Errors  Last Runtime    Last Run
-------------------------------  -----  ---------  --------  ----------  --------------  -------------------
/opt/airflow/dags/sample_dag.py    524  0.00s             1           0  0.06s           2024-06-27T22:40:36
================================================================================
[2024-06-27T22:41:34.328+0000] {manager.py:758} INFO - Searching for files in /opt/airflow/dags
[2024-06-27T22:41:34.329+0000] {manager.py:761} INFO - There are 1 files in /opt/airflow/dags
[2024-06-27T22:41:36.359+0000] {manager.py:889} INFO - 
================================================================================
DAG File Processing Stats

File Path                          PID  Runtime      # DAGs    # Errors  Last Runtime    Last Run
-------------------------------  -----  ---------  --------  ----------  --------------  -------------------
/opt/airflow/dags/sample_dag.py    547  0.00s             1           0  0.10s           2024-06-27T22:41:06
================================================================================
[2024-06-27T22:42:06.576+0000] {manager.py:889} INFO - 
================================================================================
DAG File Processing Stats

File Path                          PID  Runtime      # DAGs    # Errors  Last Runtime    Last Run
-------------------------------  -----  ---------  --------  ----------  --------------  -------------------
/opt/airflow/dags/sample_dag.py    575  0.00s             1           0  0.08s           2024-06-27T22:41:36
================================================================================
[2024-06-27T22:42:36.774+0000] {manager.py:889} INFO - 
================================================================================
DAG File Processing Stats

File Path                          PID  Runtime      # DAGs    # Errors  Last Runtime    Last Run
-------------------------------  -----  ---------  --------  ----------  --------------  -------------------
/opt/airflow/dags/sample_dag.py    603  0.00s             1           0  0.06s           2024-06-27T22:42:06
================================================================================
[2024-06-27T22:43:06.968+0000] {manager.py:889} INFO - 
================================================================================
DAG File Processing Stats

File Path                          PID  Runtime      # DAGs    # Errors  Last Runtime    Last Run
-------------------------------  -----  ---------  --------  ----------  --------------  -------------------
/opt/airflow/dags/sample_dag.py    630  0.00s             1           0  0.09s           2024-06-27T22:42:36
================================================================================
[2024-06-27T22:43:37.235+0000] {manager.py:889} INFO - 
================================================================================
DAG File Processing Stats

File Path                          PID  Runtime      # DAGs    # Errors  Last Runtime    Last Run
-------------------------------  -----  ---------  --------  ----------  --------------  -------------------
/opt/airflow/dags/sample_dag.py    649  0.00s             1           0  0.08s           2024-06-27T22:43:07
================================================================================
[2024-06-27T22:44:07.432+0000] {manager.py:889} INFO - 
================================================================================
DAG File Processing Stats

File Path                          PID  Runtime      # DAGs    # Errors  Last Runtime    Last Run
-------------------------------  -----  ---------  --------  ----------  --------------  -------------------
/opt/airflow/dags/sample_dag.py    676  0.00s             1           0  0.09s           2024-06-27T22:43:37
================================================================================
[2024-06-27T22:44:37.651+0000] {manager.py:889} INFO - 
================================================================================
DAG File Processing Stats

File Path                          PID  Runtime      # DAGs    # Errors  Last Runtime    Last Run
-------------------------------  -----  ---------  --------  ----------  --------------  -------------------
/opt/airflow/dags/sample_dag.py    704  0.00s             1           0  0.08s           2024-06-27T22:44:07
================================================================================
[2024-06-27T22:45:07.820+0000] {manager.py:889} INFO - 
================================================================================
DAG File Processing Stats

File Path                          PID  Runtime      # DAGs    # Errors  Last Runtime    Last Run
-------------------------------  -----  ---------  --------  ----------  --------------  -------------------
/opt/airflow/dags/sample_dag.py    723  0.00s             1           0  0.07s           2024-06-27T22:44:37
================================================================================
[2024-06-27T22:45:38.048+0000] {manager.py:889} INFO - 
================================================================================
DAG File Processing Stats

File Path                          PID  Runtime      # DAGs    # Errors  Last Runtime    Last Run
-------------------------------  -----  ---------  --------  ----------  --------------  -------------------
/opt/airflow/dags/sample_dag.py    750  0.00s             1           0  0.08s           2024-06-27T22:45:07
================================================================================
[2024-06-27T22:46:08.238+0000] {manager.py:889} INFO - 
================================================================================
DAG File Processing Stats

File Path                          PID  Runtime      # DAGs    # Errors  Last Runtime    Last Run
-------------------------------  -----  ---------  --------  ----------  --------------  -------------------
/opt/airflow/dags/sample_dag.py    777  0.00s             1           0  0.09s           2024-06-27T22:45:38
================================================================================
[2024-06-27T22:46:34.445+0000] {manager.py:758} INFO - Searching for files in /opt/airflow/dags
[2024-06-27T22:46:34.448+0000] {manager.py:761} INFO - There are 1 files in /opt/airflow/dags
[2024-06-27T22:46:38.490+0000] {manager.py:889} INFO - 
================================================================================
DAG File Processing Stats

File Path                          PID  Runtime      # DAGs    # Errors  Last Runtime    Last Run
-------------------------------  -----  ---------  --------  ----------  --------------  -------------------
/opt/airflow/dags/sample_dag.py    804  0.00s             1           0  0.09s           2024-06-27T22:46:08
================================================================================
[2024-06-27T22:47:08.653+0000] {manager.py:889} INFO - 
================================================================================
DAG File Processing Stats

File Path                          PID  Runtime      # DAGs    # Errors  Last Runtime    Last Run
-------------------------------  -----  ---------  --------  ----------  --------------  -------------------
/opt/airflow/dags/sample_dag.py    823  0.00s             1           0  0.08s           2024-06-27T22:46:38
================================================================================
[2024-06-27T22:47:38.888+0000] {manager.py:889} INFO - 
================================================================================
DAG File Processing Stats

File Path                          PID  Runtime      # DAGs    # Errors  Last Runtime    Last Run
-------------------------------  -----  ---------  --------  ----------  --------------  -------------------
/opt/airflow/dags/sample_dag.py    851  0.00s             1           0  0.08s           2024-06-27T22:47:08
================================================================================
[2024-06-27T22:48:09.067+0000] {manager.py:889} INFO - 
================================================================================
DAG File Processing Stats

File Path                          PID  Runtime      # DAGs    # Errors  Last Runtime    Last Run
-------------------------------  -----  ---------  --------  ----------  --------------  -------------------
/opt/airflow/dags/sample_dag.py    878  0.00s             1           0  0.09s           2024-06-27T22:47:38
================================================================================
