[2024-06-27T22:32:49.954+0000] {taskinstance.py:1103} INFO - Dependencies all met for dep_context=non-requeueable deps ti=<TaskInstance: tutorialx.templated manual__2024-06-27T22:32:48.160208+00:00 [queued]>
[2024-06-27T22:32:49.969+0000] {taskinstance.py:1103} INFO - Dependencies all met for dep_context=requeueable deps ti=<TaskInstance: tutorialx.templated manual__2024-06-27T22:32:48.160208+00:00 [queued]>
[2024-06-27T22:32:49.969+0000] {taskinstance.py:1308} INFO - Starting attempt 1 of 2
[2024-06-27T22:32:49.983+0000] {taskinstance.py:1327} INFO - Executing <Task(BashOperator): templated> on 2024-06-27 22:32:48.160208+00:00
[2024-06-27T22:32:49.986+0000] {standard_task_runner.py:57} INFO - Started process 155 to run task
[2024-06-27T22:32:49.988+0000] {standard_task_runner.py:84} INFO - Running: ['***', 'tasks', 'run', 'tutorialx', 'templated', 'manual__2024-06-27T22:32:48.160208+00:00', '--job-id', '84', '--raw', '--subdir', 'DAGS_FOLDER/sample_dag.py', '--cfg-path', '/tmp/tmp9vdadse1']
[2024-06-27T22:32:49.989+0000] {standard_task_runner.py:85} INFO - Job 84: Subtask templated
[2024-06-27T22:32:50.036+0000] {task_command.py:410} INFO - Running <TaskInstance: tutorialx.templated manual__2024-06-27T22:32:48.160208+00:00 [running]> on host 2e9d55c1cbb8
[2024-06-27T22:32:50.143+0000] {taskinstance.py:1547} INFO - Exporting env vars: AIRFLOW_CTX_DAG_EMAIL='***@example.com' AIRFLOW_CTX_DAG_OWNER='***' AIRFLOW_CTX_DAG_ID='tutorialx' AIRFLOW_CTX_TASK_ID='templated' AIRFLOW_CTX_EXECUTION_DATE='2024-06-27T22:32:48.160208+00:00' AIRFLOW_CTX_TRY_NUMBER='1' AIRFLOW_CTX_DAG_RUN_ID='manual__2024-06-27T22:32:48.160208+00:00'
[2024-06-27T22:32:50.144+0000] {subprocess.py:63} INFO - Tmp dir root location: /tmp
[2024-06-27T22:32:50.144+0000] {subprocess.py:75} INFO - Running command: ['/bin/bash', '-c', '\n\n    echo "2024-06-27"\n    echo "2024-07-04"\n\n    echo "2024-06-27"\n    echo "2024-07-04"\n\n    echo "2024-06-27"\n    echo "2024-07-04"\n\n    echo "2024-06-27"\n    echo "2024-07-04"\n\n    echo "2024-06-27"\n    echo "2024-07-04"\n']
[2024-06-27T22:32:50.156+0000] {subprocess.py:86} INFO - Output:
[2024-06-27T22:32:50.157+0000] {subprocess.py:93} INFO - 2024-06-27
[2024-06-27T22:32:50.158+0000] {subprocess.py:93} INFO - 2024-07-04
[2024-06-27T22:32:50.158+0000] {subprocess.py:93} INFO - 2024-06-27
[2024-06-27T22:32:50.158+0000] {subprocess.py:93} INFO - 2024-07-04
[2024-06-27T22:32:50.158+0000] {subprocess.py:93} INFO - 2024-06-27
[2024-06-27T22:32:50.158+0000] {subprocess.py:93} INFO - 2024-07-04
[2024-06-27T22:32:50.158+0000] {subprocess.py:93} INFO - 2024-06-27
[2024-06-27T22:32:50.158+0000] {subprocess.py:93} INFO - 2024-07-04
[2024-06-27T22:32:50.158+0000] {subprocess.py:93} INFO - 2024-06-27
[2024-06-27T22:32:50.158+0000] {subprocess.py:93} INFO - 2024-07-04
[2024-06-27T22:32:50.158+0000] {subprocess.py:97} INFO - Command exited with return code 0
[2024-06-27T22:32:50.196+0000] {taskinstance.py:1350} INFO - Marking task as SUCCESS. dag_id=tutorialx, task_id=templated, execution_date=20240627T223248, start_date=20240627T223249, end_date=20240627T223250
[2024-06-27T22:32:50.240+0000] {local_task_job_runner.py:225} INFO - Task exited with return code 0
[2024-06-27T22:32:50.268+0000] {taskinstance.py:2653} INFO - 0 downstream tasks scheduled from follow-on schedule check
