[2024-06-27T22:41:08.058+0000] {taskinstance.py:1103} INFO - Dependencies all met for dep_context=non-requeueable deps ti=<TaskInstance: tutorialx.templated manual__2024-06-27T22:41:06.495229+00:00 [queued]>
[2024-06-27T22:41:08.062+0000] {taskinstance.py:1103} INFO - Dependencies all met for dep_context=requeueable deps ti=<TaskInstance: tutorialx.templated manual__2024-06-27T22:41:06.495229+00:00 [queued]>
[2024-06-27T22:41:08.063+0000] {taskinstance.py:1308} INFO - Starting attempt 1 of 2
[2024-06-27T22:41:08.071+0000] {taskinstance.py:1327} INFO - Executing <Task(BashOperator): templated> on 2024-06-27 22:41:06.495229+00:00
[2024-06-27T22:41:08.074+0000] {standard_task_runner.py:57} INFO - Started process 585 to run task
[2024-06-27T22:41:08.077+0000] {standard_task_runner.py:84} INFO - Running: ['***', 'tasks', 'run', 'tutorialx', 'templated', 'manual__2024-06-27T22:41:06.495229+00:00', '--job-id', '87', '--raw', '--subdir', 'DAGS_FOLDER/sample_dag.py', '--cfg-path', '/tmp/tmp0fd_9phc']
[2024-06-27T22:41:08.077+0000] {standard_task_runner.py:85} INFO - Job 87: Subtask templated
[2024-06-27T22:41:08.128+0000] {task_command.py:410} INFO - Running <TaskInstance: tutorialx.templated manual__2024-06-27T22:41:06.495229+00:00 [running]> on host 2e9d55c1cbb8
[2024-06-27T22:41:08.200+0000] {taskinstance.py:1547} INFO - Exporting env vars: AIRFLOW_CTX_DAG_EMAIL='***@example.com' AIRFLOW_CTX_DAG_OWNER='***' AIRFLOW_CTX_DAG_ID='tutorialx' AIRFLOW_CTX_TASK_ID='templated' AIRFLOW_CTX_EXECUTION_DATE='2024-06-27T22:41:06.495229+00:00' AIRFLOW_CTX_TRY_NUMBER='1' AIRFLOW_CTX_DAG_RUN_ID='manual__2024-06-27T22:41:06.495229+00:00'
[2024-06-27T22:41:08.200+0000] {subprocess.py:63} INFO - Tmp dir root location: /tmp
[2024-06-27T22:41:08.200+0000] {subprocess.py:75} INFO - Running command: ['/bin/bash', '-c', '\n\n    echo "2024-06-27"\n    echo "2024-07-04"\n\n    echo "2024-06-27"\n    echo "2024-07-04"\n\n    echo "2024-06-27"\n    echo "2024-07-04"\n\n    echo "2024-06-27"\n    echo "2024-07-04"\n\n    echo "2024-06-27"\n    echo "2024-07-04"\n']
[2024-06-27T22:41:08.207+0000] {subprocess.py:86} INFO - Output:
[2024-06-27T22:41:08.208+0000] {subprocess.py:93} INFO - 2024-06-27
[2024-06-27T22:41:08.208+0000] {subprocess.py:93} INFO - 2024-07-04
[2024-06-27T22:41:08.209+0000] {subprocess.py:93} INFO - 2024-06-27
[2024-06-27T22:41:08.209+0000] {subprocess.py:93} INFO - 2024-07-04
[2024-06-27T22:41:08.209+0000] {subprocess.py:93} INFO - 2024-06-27
[2024-06-27T22:41:08.209+0000] {subprocess.py:93} INFO - 2024-07-04
[2024-06-27T22:41:08.209+0000] {subprocess.py:93} INFO - 2024-06-27
[2024-06-27T22:41:08.209+0000] {subprocess.py:93} INFO - 2024-07-04
[2024-06-27T22:41:08.209+0000] {subprocess.py:93} INFO - 2024-06-27
[2024-06-27T22:41:08.209+0000] {subprocess.py:93} INFO - 2024-07-04
[2024-06-27T22:41:08.209+0000] {subprocess.py:97} INFO - Command exited with return code 0
[2024-06-27T22:41:08.230+0000] {taskinstance.py:1350} INFO - Marking task as SUCCESS. dag_id=tutorialx, task_id=templated, execution_date=20240627T224106, start_date=20240627T224108, end_date=20240627T224108
[2024-06-27T22:41:08.288+0000] {local_task_job_runner.py:225} INFO - Task exited with return code 0
[2024-06-27T22:41:08.315+0000] {taskinstance.py:2653} INFO - 0 downstream tasks scheduled from follow-on schedule check
